<?xml version="1.0" encoding="UTF-8"?>
<!-- Generated by org.testng.reporters.JUnitXMLReporter -->
<testsuite ignored="0" hostname="LAPTOP-3RTJA3IH" failures="0" tests="13" name="TestAPIClass" time="12.479" errors="0" timestamp="14 Jan 2023 17:26:27 GMT">
  <testcase classname="APIBasics.ComplexJsonParser" name="complesJsonResponse" time="2.122"/>
  <testcase classname="APIBasics.DynamicJson" name="AddPlace" time="1.945"/>
  <testcase classname="APIBasics.DynamicJson" name="AddPlace" time="0.292"/>
  <testcase classname="APIBasics.DynamicJson" name="AddPlace" time="0.278"/>
  <testcase classname="SerializeDeserialize.SerializeTest" name="addPlaceAPI" time="0.829"/>
  <testcase classname="io.cucumber.testng.AbstractTestNGCucumberTests" name="runScenario" time="1.195"/>
  <testcase classname="io.cucumber.testng.AbstractTestNGCucumberTests" name="runScenario" time="0.789"/>
  <testcase classname="APIBasics.TestAPIClass" name="addPlace" time="0.398"/>
  <testcase classname="RequestResponseSpec.TestSpecBuilder" name="addPlace" time="0.298"/>
  <testcase classname="APIBasics.TestAPIClass" name="updatePlace" time="0.97"/>
  <testcase classname="RequestResponseSpec.TestSpecBuilder" name="updatePlace" time="0.817"/>
  <testcase classname="APIBasics.TestAPIClass" name="getPlace" time="0.569"/>
  <testcase classname="RequestResponseSpec.TestSpecBuilder" name="getPlace" time="0.563"/>
</testsuite> <!-- TestAPIClass -->
